#! /usr/bin/vvp
:ivl_version "12.0 (stable)";
:ivl_delay_selection "TYPICAL";
:vpi_time_precision - 12;
:vpi_module "/usr/lib/x86_64-linux-gnu/ivl/system.vpi";
:vpi_module "/usr/lib/x86_64-linux-gnu/ivl/vhdl_sys.vpi";
:vpi_module "/usr/lib/x86_64-linux-gnu/ivl/vhdl_textio.vpi";
:vpi_module "/usr/lib/x86_64-linux-gnu/ivl/v2005_math.vpi";
:vpi_module "/usr/lib/x86_64-linux-gnu/ivl/va_math.vpi";
:vpi_module "/usr/lib/x86_64-linux-gnu/ivl/v2009.vpi";
S_0x5588fc7964f0 .scope package, "$unit" "$unit" 2 1;
 .timescale 0 0;
S_0x5588fc796680 .scope module, "time_of_flight" "time_of_flight" 3 4;
 .timescale -9 -12;
    .port_info 0 /INPUT 1 "trigger_in";
    .port_info 1 /INPUT 1 "echo_detected";
    .port_info 2 /INPUT 1 "clk";
    .port_info 3 /INPUT 1 "rst_in";
    .port_info 4 /OUTPUT 16 "range_out";
    .port_info 5 /OUTPUT 1 "valid_out";
    .port_info 6 /OUTPUT 1 "no_object_detected";
P_0x5588fc7bd6e0 .param/l "MAX_TIME_WINDOW" 0 3 16, +C4<00000000000001111010000100100000>;
P_0x5588fc7bd720 .param/l "SPEED_OF_SOUND" 0 3 15, +C4<00000000000000001000010111111100>;
o0x7f7c38eee018 .functor BUFZ 1, C4<z>; HiZ drive
v0x5588fc797d20_0 .net "clk", 0 0, o0x7f7c38eee018;  0 drivers
o0x7f7c38eee048 .functor BUFZ 1, C4<z>; HiZ drive
v0x5588fc798400_0 .net "echo_detected", 0 0, o0x7f7c38eee048;  0 drivers
v0x5588fc7e5020_0 .var "measurement_active", 0 0;
v0x5588fc7e50f0_0 .var "no_object_detected", 0 0;
v0x5588fc7e51b0_0 .var "range_out", 15 0;
o0x7f7c38eee108 .functor BUFZ 1, C4<z>; HiZ drive
v0x5588fc7e52e0_0 .net "rst_in", 0 0, o0x7f7c38eee108;  0 drivers
v0x5588fc7e53a0_0 .var "time_counter", 31 0;
o0x7f7c38eee168 .functor BUFZ 1, C4<z>; HiZ drive
v0x5588fc7e5480_0 .net "trigger_in", 0 0, o0x7f7c38eee168;  0 drivers
v0x5588fc7e5540_0 .var "valid_out", 0 0;
E_0x5588fc7cff70 .event posedge, v0x5588fc797d20_0;
    .scope S_0x5588fc796680;
T_0 ;
    %wait E_0x5588fc7cff70;
    %load/vec4 v0x5588fc7e52e0_0;
    %flag_set/vec4 8;
    %jmp/0xz  T_0.0, 8;
    %pushi/vec4 0, 0, 32;
    %assign/vec4 v0x5588fc7e53a0_0, 0;
    %pushi/vec4 0, 0, 1;
    %assign/vec4 v0x5588fc7e5020_0, 0;
    %pushi/vec4 0, 0, 16;
    %assign/vec4 v0x5588fc7e51b0_0, 0;
    %pushi/vec4 0, 0, 1;
    %assign/vec4 v0x5588fc7e5540_0, 0;
    %pushi/vec4 0, 0, 1;
    %assign/vec4 v0x5588fc7e50f0_0, 0;
    %jmp T_0.1;
T_0.0 ;
    %load/vec4 v0x5588fc7e5020_0;
    %nor/r;
    %flag_set/vec4 8;
    %jmp/0xz  T_0.2, 8;
    %load/vec4 v0x5588fc7e5480_0;
    %flag_set/vec4 8;
    %jmp/0xz  T_0.4, 8;
    %pushi/vec4 1, 0, 1;
    %assign/vec4 v0x5588fc7e5020_0, 0;
    %pushi/vec4 1, 0, 32;
    %assign/vec4 v0x5588fc7e53a0_0, 0;
    %pushi/vec4 0, 0, 1;
    %assign/vec4 v0x5588fc7e5540_0, 0;
    %pushi/vec4 0, 0, 1;
    %assign/vec4 v0x5588fc7e50f0_0, 0;
T_0.4 ;
    %jmp T_0.3;
T_0.2 ;
    %load/vec4 v0x5588fc7e53a0_0;
    %addi 1, 0, 32;
    %assign/vec4 v0x5588fc7e53a0_0, 0;
    %load/vec4 v0x5588fc798400_0;
    %flag_set/vec4 8;
    %jmp/0xz  T_0.6, 8;
    %pushi/vec4 0, 0, 1;
    %assign/vec4 v0x5588fc7e5020_0, 0;
    %load/vec4 v0x5588fc7e53a0_0;
    %muli 34300, 0, 32;
    %pushi/vec4 20000000, 0, 32;
    %div;
    %pad/u 16;
    %assign/vec4 v0x5588fc7e51b0_0, 0;
    %pushi/vec4 1, 0, 1;
    %assign/vec4 v0x5588fc7e5540_0, 0;
    %pushi/vec4 0, 0, 1;
    %assign/vec4 v0x5588fc7e50f0_0, 0;
    %jmp T_0.7;
T_0.6 ;
    %load/vec4 v0x5588fc7e53a0_0;
    %cmpi/u 500000, 0, 32;
    %flag_inv 5; GE is !LT
    %jmp/0xz  T_0.8, 5;
    %pushi/vec4 0, 0, 1;
    %assign/vec4 v0x5588fc7e5020_0, 0;
    %pushi/vec4 0, 0, 1;
    %assign/vec4 v0x5588fc7e5540_0, 0;
    %pushi/vec4 1, 0, 1;
    %assign/vec4 v0x5588fc7e50f0_0, 0;
T_0.8 ;
T_0.7 ;
T_0.3 ;
T_0.1 ;
    %jmp T_0;
    .thread T_0;
# The file index is used to find the file name in the following table.
:file_names 4;
    "N/A";
    "<interactive>";
    "-";
    "hdl/time_of_flight.sv";
